<?xml version="1.0" encoding="UTF-8"?>
<!-- Generated by org.testng.reporters.JUnitReportReporter -->
<testsuite hostname="LAPTOP-A4I74VVH" failures="0" tests="3" name="automation.appium.GeneralStoreTest" time="65.745" errors="0" timestamp="2023-12-28T15:04:13 IST" skipped="2">
  <testcase classname="automation.appium.GeneralStoreTest" name="testHybrid" time="65.745"/>
  <testcase classname="automation.appium.GeneralStoreTest" name="generalStoreHomePageTest">
    <skipped/>
  </testcase> <!-- generalStoreHomePageTest -->
  <testcase classname="automation.appium.GeneralStoreTest" name="ToastMsgTest">
    <skipped/>
  </testcase> <!-- ToastMsgTest -->
</testsuite> <!-- automation.appium.GeneralStoreTest -->
