<?xml version="1.0" encoding="UTF-8"?>
<!-- Generated by org.testng.reporters.JUnitReportReporter -->
<testsuite hostname="LAPTOP-A4I74VVH" failures="0" tests="1" name="automation.appium.Swipe" time="22.382" errors="0" timestamp="2023-12-19T12:49:40 IST" skipped="0">
  <testcase classname="automation.appium.Swipe" name="SwipeTest" time="22.382"/>
</testsuite> <!-- automation.appium.Swipe -->
