<?xml version="1.0" encoding="UTF-8"?>
<!-- Generated by org.testng.reporters.JUnitReportReporter -->
<testsuite hostname="LAPTOP-A4I74VVH" failures="0" tests="1" name="automation.appium.SetWifi" time="23.112" errors="0" timestamp="2023-12-18T16:49:36 IST" skipped="0">
  <testcase classname="automation.appium.SetWifi" name="setwifiTest" time="23.112"/>
</testsuite> <!-- automation.appium.SetWifi -->
