<?xml version="1.0" encoding="UTF-8"?>
<!-- Generated by org.testng.reporters.JUnitReportReporter -->
<testsuite hostname="LAPTOP-A4I74VVH" failures="0" tests="1" name="automation.appium.Base" time="14.271" errors="0" timestamp="2023-12-17T19:20:14 IST" skipped="0">
  <testcase classname="automation.appium.Base" name="configureAppium" time="14.271"/>
</testsuite> <!-- automation.appium.Base -->
