<?xml version="1.0" encoding="UTF-8"?>
<!-- Generated by org.testng.reporters.JUnitReportReporter -->
<testsuite hostname="LAPTOP-A4I74VVH" failures="0" tests="1" name="automation.appium.Swipe" time="25.133" errors="0" timestamp="2023-12-28T14:55:48 IST" skipped="0">
  <testcase classname="automation.appium.Swipe" name="SwipeTest" time="25.133"/>
</testsuite> <!-- automation.appium.Swipe -->
