<?xml version="1.0" encoding="UTF-8"?>
<!-- Generated by org.testng.reporters.JUnitReportReporter -->
<testsuite hostname="LAPTOP-A4I74VVH" failures="0" tests="2" name="automation.appium.GeneralStoreTest" time="28.649" errors="0" timestamp="2023-12-19T18:00:47 IST" skipped="1">
  <testcase classname="automation.appium.GeneralStoreTest" name="ToastMsgTest" time="28.649"/>
  <testcase classname="automation.appium.GeneralStoreTest" name="generalStoreHomePageTest">
    <skipped/>
  </testcase> <!-- generalStoreHomePageTest -->
</testsuite> <!-- automation.appium.GeneralStoreTest -->
