<?xml version="1.0" encoding="UTF-8"?>
<!-- Generated by org.testng.reporters.JUnitReportReporter -->
<testsuite hostname="LAPTOP-A4I74VVH" failures="0" tests="1" name="automation.appium.LongPress" time="21.996" errors="0" timestamp="2023-12-19T12:58:29 IST" skipped="0">
  <testcase classname="automation.appium.LongPress" name="longpressTest" time="21.996"/>
</testsuite> <!-- automation.appium.LongPress -->
