<?xml version="1.0" encoding="UTF-8"?>
<!-- Generated by org.testng.reporters.JUnitReportReporter -->
<testsuite hostname="LAPTOP-A4I74VVH" failures="0" tests="1" name="automation.appium.ScrollTest" time="28.405" errors="0" timestamp="2023-12-28T14:48:46 IST" skipped="0">
  <testcase classname="automation.appium.ScrollTest" name="scrollTest" time="28.405"/>
</testsuite> <!-- automation.appium.ScrollTest -->
