<?xml version="1.0" encoding="UTF-8"?>
<!-- Generated by org.testng.reporters.JUnitReportReporter -->
<testsuite hostname="LAPTOP-A4I74VVH" failures="0" tests="1" name="automation.appium.ScrollTest" time="27.940" errors="0" timestamp="2023-12-19T12:27:57 IST" skipped="0">
  <testcase classname="automation.appium.ScrollTest" name="scrollTest" time="27.940"/>
</testsuite> <!-- automation.appium.ScrollTest -->
