<?xml version="1.0" encoding="UTF-8"?>
<!-- Generated by org.testng.reporters.JUnitReportReporter -->
<testsuite hostname="LAPTOP-A4I74VVH" failures="0" tests="1" name="automation.appium.LongPress" time="18.460" errors="0" timestamp="2023-12-18T19:20:15 IST" skipped="0">
  <testcase classname="automation.appium.LongPress" name="longpressTest" time="18.460"/>
</testsuite> <!-- automation.appium.LongPress -->
