<?xml version="1.0" encoding="UTF-8"?>
<!-- Generated by org.testng.reporters.JUnitReportReporter -->
<testsuite hostname="LAPTOP-A4I74VVH" failures="0" tests="1" name="automation.appium.Dropdown" time="27.069" errors="0" timestamp="2023-12-19T16:12:51 IST" skipped="0">
  <testcase classname="automation.appium.Dropdown" name="generalStoreTestDropdown" time="27.069"/>
</testsuite> <!-- automation.appium.Dropdown -->
