<?xml version="1.0" encoding="UTF-8"?>
<!-- Generated by org.testng.reporters.JUnitReportReporter -->
<testsuite hostname="LAPTOP-A4I74VVH" failures="0" tests="1" name="automation.appium.Base" time="20.297" errors="0" timestamp="2023-12-21T13:47:21 IST" skipped="0">
  <testcase classname="automation.appium.Base" name="configureAppium" time="20.297"/>
</testsuite> <!-- automation.appium.Base -->
